[    0.000000] Linux version 4.15.0-212-generic (buildd@lcy02-amd64-083) (gcc version 7.5.0 (Ubuntu 7.5.0-3ubuntu1~18.04)) #223-Ubuntu SMP Tue May 23 13:09:22 UTC 2023 (Ubuntu 4.15.0-212.223-generic 4.15.18)
[    0.000000] Command line: BOOT_IMAGE=/boot/vmlinuz-4.15.0-212-generic root=LABEL=cloudimg-rootfs ro console=tty1 console=ttyS0
[    0.000000] KERNEL supported cpus:
[    0.000000]   Intel GenuineIntel
[    0.000000]   AMD AuthenticAMD
[    0.000000]   Centaur CentaurHauls
[    0.000000] x86/fpu: x87 FPU will use FXSAVE
[    0.000000] e820: BIOS-provided physical RAM map:
[    0.000000] BIOS-e820: [mem 0x0000000000000000-0x000000000009fbff] usable
[    0.000000] BIOS-e820: [mem 0x000000000009fc00-0x000000000009ffff] reserved
[    0.000000] BIOS-e820: [mem 0x00000000000f0000-0x00000000000fffff] reserved
[    0.000000] BIOS-e820: [mem 0x0000000000100000-0x000000007ffeffff] usable
[    0.000000] BIOS-e820: [mem 0x000000007fff0000-0x000000007fffffff] ACPI data
[    0.000000] BIOS-e820: [mem 0x00000000fec00000-0x00000000fec00fff] reserved
[    0.000000] BIOS-e820: [mem 0x00000000fee00000-0x00000000fee00fff] reserved
[    0.000000] BIOS-e820: [mem 0x00000000fffc0000-0x00000000ffffffff] reserved
[    0.000000] NX (Execute Disable) protection: active
[    0.000000] SMBIOS 2.5 present.
[    0.000000] DMI: innotek GmbH VirtualBox/VirtualBox, BIOS VirtualBox 12/01/2006
[    0.000000] Hypervisor detected: KVM
[    0.000000] e820: last_pfn = 0x7fff0 max_arch_pfn = 0x400000000
[    0.000000] MTRR: Disabled
[    0.000000] x86/PAT: MTRRs disabled, skipping PAT initialization too.
[    0.000000] CPU MTRRs all blank - virtualized system.
[    0.000000] x86/PAT: Configuration [0-7]: WB  WT  UC- UC  WB  WT  UC- UC  
[    0.000000] found SMP MP-table at [mem 0x0009fff0-0x0009ffff]
[    0.000000] Scanning 1 areas for low memory corruption
[    0.000000] RAMDISK: [mem 0x359cb000-0x36cdcfff]
[    0.000000] ACPI: Early table checksum verification disabled
[    0.000000] ACPI: RSDP 0x00000000000E0000 000024 (v02 VBOX  )
[    0.000000] ACPI: XSDT 0x000000007FFF0030 00003C (v01 VBOX   VBOXXSDT 00000001 ASL  00000061)
[    0.000000] ACPI: FACP 0x000000007FFF00F0 0000F4 (v04 VBOX   VBOXFACP 00000001 ASL  00000061)
[    0.000000] ACPI: DSDT 0x000000007FFF0470 002325 (v02 VBOX   VBOXBIOS 00000002 INTL 20100528)
[    0.000000] ACPI: FACS 0x000000007FFF0200 000040
[    0.000000] ACPI: FACS 0x000000007FFF0200 000040
[    0.000000] ACPI: APIC 0x000000007FFF0240 00005C (v02 VBOX   VBOXAPIC 00000001 ASL  00000061)
[    0.000000] ACPI: SSDT 0x000000007FFF02A0 0001CC (v01 VBOX   VBOXCPUT 00000002 INTL 20100528)
[    0.000000] ACPI: Reserving FACP table memory at [mem 0x7fff00f0-0x7fff01e3]
[    0.000000] ACPI: Reserving DSDT table memory at [mem 0x7fff0470-0x7fff2794]
[    0.000000] ACPI: Reserving FACS table memory at [mem 0x7fff0200-0x7fff023f]
[    0.000000] ACPI: Reserving FACS table memory at [mem 0x7fff0200-0x7fff023f]
[    0.000000] ACPI: Reserving APIC table memory at [mem 0x7fff0240-0x7fff029b]
[    0.000000] ACPI: Reserving SSDT table memory at [mem 0x7fff02a0-0x7fff046b]
[    0.000000] No NUMA configuration found
[    0.000000] Faking a node at [mem 0x0000000000000000-0x000000007ffeffff]
[    0.000000] NODE_DATA(0) allocated [mem 0x7ffc5000-0x7ffeffff]
[    0.000000] kvm-clock: cpu 0, msr 0:7ff44001, primary cpu clock
[    0.000000] kvm-clock: Using msrs 4b564d01 and 4b564d00
[    0.000000] kvm-clock: using sched offset of 7123147441 cycles
[    0.000000] clocksource: kvm-clock: mask: 0xffffffffffffffff max_cycles: 0x1cd42e4dffb, max_idle_ns: 881590591483 ns
[    0.000000] Zone ranges:
[    0.000000]   DMA      [mem 0x0000000000001000-0x0000000000ffffff]
[    0.000000]   DMA32    [mem 0x0000000001000000-0x000000007ffeffff]
[    0.000000]   Normal   empty
[    0.000000]   Device   empty
[    0.000000] Movable zone start for each node
[    0.000000] Early memory node ranges
[    0.000000]   node   0: [mem 0x0000000000001000-0x000000000009efff]
[    0.000000]   node   0: [mem 0x0000000000100000-0x000000007ffeffff]
[    0.000000] Reserved but unavailable: 104 pages
[    0.000000] Initmem setup node 0 [mem 0x0000000000001000-0x000000007ffeffff]
[    0.000000] ACPI: PM-Timer IO Port: 0x4008
[    0.000000] IOAPIC[0]: apic_id 2, version 32, address 0xfec00000, GSI 0-23
[    0.000000] ACPI: INT_SRC_OVR (bus 0 bus_irq 0 global_irq 2 dfl dfl)
[    0.000000] ACPI: INT_SRC_OVR (bus 0 bus_irq 9 global_irq 9 low level)
[    0.000000] Using ACPI (MADT) for SMP configuration information
[    0.000000] smpboot: Allowing 2 CPUs, 0 hotplug CPUs
[    0.000000] PM: Registered nosave memory: [mem 0x00000000-0x00000fff]
[    0.000000] PM: Registered nosave memory: [mem 0x0009f000-0x0009ffff]
[    0.000000] PM: Registered nosave memory: [mem 0x000a0000-0x000effff]
[    0.000000] PM: Registered nosave memory: [mem 0x000f0000-0x000fffff]
[    0.000000] e820: [mem 0x80000000-0xfebfffff] available for PCI devices
[    0.000000] Booting paravirtualized kernel on KVM
[    0.000000] clocksource: refined-jiffies: mask: 0xffffffff max_cycles: 0xffffffff, max_idle_ns: 7645519600211568 ns
[    0.000000] setup_percpu: NR_CPUS:8192 nr_cpumask_bits:2 nr_cpu_ids:2 nr_node_ids:1
[    0.000000] percpu: Embedded 50 pages/cpu s167936 r8192 d28672 u1048576
[    0.000000] PV qspinlock hash table entries: 256 (order: 0, 4096 bytes)
[    0.000000] Built 1 zonelists, mobility grouping on.  Total pages: 515961
[    0.000000] Policy zone: DMA32
[    0.000000] Kernel command line: BOOT_IMAGE=/boot/vmlinuz-4.15.0-212-generic root=LABEL=cloudimg-rootfs ro console=tty1 console=ttyS0
[    0.000000] Memory: 2014836K/2096696K available (12300K kernel code, 2477K rwdata, 4324K rodata, 2480K init, 2720K bss, 81860K reserved, 0K cma-reserved)
[    0.000000] SLUB: HWalign=64, Order=0-3, MinObjects=0, CPUs=2, Nodes=1
[    0.000000] Kernel/User page tables isolation: enabled
[    0.000000] ftrace: allocating 39508 entries in 155 pages
[    0.004000] Hierarchical RCU implementation.
[    0.004000] 	RCU restricting CPUs from NR_CPUS=8192 to nr_cpu_ids=2.
[    0.004000] 	Tasks RCU enabled.
[    0.004000] RCU: Adjusting geometry for rcu_fanout_leaf=16, nr_cpu_ids=2
[    0.004000] NR_IRQS: 524544, nr_irqs: 440, preallocated irqs: 16
[    0.004000] Console: colour VGA+ 80x25
[    0.004000] console [tty1] enabled
[    0.004000] console [ttyS0] enabled
[    0.004000] ACPI: Core revision 20170831
[    0.004000] ACPI: 2 ACPI AML tables successfully acquired and loaded
[    0.004000] APIC: Switch to symmetric I/O mode setup
[    0.004000] ..TIMER: vector=0x30 apic1=0 pin1=2 apic2=-1 pin2=-1
[    0.004008] tsc: Detected 1895.999 MHz processor
[    0.008014] Calibrating delay loop (skipped) preset value.. 3791.99 BogoMIPS (lpj=7583996)
[    0.012009] pid_max: default: 32768 minimum: 301
[    0.016241] Security Framework initialized
[    0.020009] Yama: becoming mindful.
[    0.024263] AppArmor: AppArmor initialized
[    0.057813] Dentry cache hash table entries: 262144 (order: 9, 2097152 bytes)
[    0.072851] Inode-cache hash table entries: 131072 (order: 8, 1048576 bytes)
[    0.076919] Mount-cache hash table entries: 4096 (order: 3, 32768 bytes)
[    0.080339] Mountpoint-cache hash table entries: 4096 (order: 3, 32768 bytes)
[    0.088391] Last level iTLB entries: 4KB 64, 2MB 8, 4MB 8
[    0.092008] Last level dTLB entries: 4KB 64, 2MB 0, 4MB 0, 1GB 4
[    0.096011] Spectre V1 : Mitigation: usercopy/swapgs barriers and __user pointer sanitization
[    0.100008] Spectre V2 : Mitigation: Retpolines
[    0.104006] Spectre V2 : Spectre v2 / SpectreRSB mitigation: Filling RSB on context switch
[    0.108007] Spectre V2 : Spectre v2 / SpectreRSB : Filling RSB on VMEXIT
[    0.112009] RETBleed: WARNING: Spectre v2 mitigation leaves CPU vulnerable to RETBleed attacks, data leaks possible!
[    0.116010] RETBleed: Vulnerable
[    0.120009] Speculative Store Bypass: Vulnerable
[    0.124150] MDS: Mitigation: Clear CPU buffers
[    0.128009] MMIO Stale Data: Mitigation: Clear CPU buffers
[    0.132342] Freeing SMP alternatives memory: 36K
[    0.256527] APIC calibration not consistent with PM-Timer: 102ms instead of 100ms
[    0.260000] APIC delta adjusted to PM-Timer: 6300858 (6488324)
[    0.261051] smpboot: CPU0: Intel(R) Core(TM) i5-8350U CPU @ 1.70GHz (family: 0x6, model: 0x8e, stepping: 0xa)
[    0.264981] Performance Events: unsupported p6 CPU model 142 no PMU driver, software events only.
[    0.268265] Hierarchical SRCU implementation.
[    0.276599] NMI watchdog: Perf event create on CPU 0 failed with -2
[    0.280178] NMI watchdog: Perf NMI watchdog permanently disabled
[    0.288910] smp: Bringing up secondary CPUs ...
[    0.294308] x86: Booting SMP configuration:
[    0.296045] .... node  #0, CPUs:      #1
[    0.004000] kvm-clock: cpu 1, msr 0:7ff44041, secondary cpu clock
[    0.318955] TSC synchronization [CPU#0 -> CPU#1]:
[    0.320000] Measured 45461 cycles TSC warp between CPUs, turning off TSC clock.
[    0.320000] tsc: Marking TSC unstable due to check_tsc_sync_source failed
[    0.324522] smp: Brought up 1 node, 2 CPUs
[    0.328014] smpboot: Max logical packages: 1
[    0.332012] smpboot: Total of 2 processors activated (7583.99 BogoMIPS)
[    0.340279] devtmpfs: initialized
[    0.344296] x86/mm: Memory block size: 128MB
[    0.352946] evm: security.selinux
[    0.360012] evm: security.SMACK64
[    0.364008] evm: security.SMACK64EXEC
[    0.368008] evm: security.SMACK64TRANSMUTE
[    0.372008] evm: security.SMACK64MMAP
[    0.376008] evm: security.apparmor
[    0.380008] evm: security.ima
[    0.384010] evm: security.capability
[    0.392992] clocksource: jiffies: mask: 0xffffffff max_cycles: 0xffffffff, max_idle_ns: 7645041785100000 ns
[    0.424032] futex hash table entries: 512 (order: 3, 32768 bytes)
[    0.448486] pinctrl core: initialized pinctrl subsystem
[    0.465095] RTC time: 22:27:36, date: 10/22/23
[    0.485898] NET: Registered protocol family 16
[    0.500914] audit: initializing netlink subsys (disabled)
[    0.516744] audit: type=2000 audit(1698013663.547:1): state=initialized audit_enabled=0 res=1
[    0.540038] cpuidle: using governor ladder
[    0.548030] cpuidle: using governor menu
[    0.556066] ACPI: bus type PCI registered
[    0.564009] acpiphp: ACPI Hot Plug PCI Controller Driver version: 0.5
[    0.576982] PCI: Using configuration type 1 for base access
[    0.592574] HugeTLB registered 2.00 MiB page size, pre-allocated 0 pages
[    0.612938] ACPI: Added _OSI(Module Device)
[    0.624010] ACPI: Added _OSI(Processor Device)
[    0.632007] ACPI: Added _OSI(3.0 _SCP Extensions)
[    0.640008] ACPI: Added _OSI(Processor Aggregator Device)
[    0.648007] ACPI: Added _OSI(Linux-Dell-Video)
[    0.656010] ACPI: Added _OSI(Linux-Lenovo-NV-HDMI-Audio)
[    0.668011] ACPI: Added _OSI(Linux-HPI-Hybrid-Graphics)
[    0.680488] ACPI: Executed 1 blocks of module-level executable AML code
[    0.703824] ACPI: Interpreter enabled
[    0.712028] ACPI: (supports S0 S5)
[    0.720011] ACPI: Using IOAPIC for interrupt routing
[    0.733055] PCI: Using host bridge windows from ACPI; if necessary, use "pci=nocrs" and report a bug
[    0.752560] ACPI: Enabled 2 GPEs in block 00 to 07
[    0.784744] ACPI: PCI Root Bridge [PCI0] (domain 0000 [bus 00-ff])
[    0.796022] acpi PNP0A03:00: _OSC: OS supports [ASPM ClockPM Segments MSI]
[    0.805494] acpi PNP0A03:00: _OSC: not requesting OS control; OS requires [ExtendedConfig ASPM ClockPM MSI]
[    0.820028] acpi PNP0A03:00: fail to add MMCONFIG information, can't access extended PCI configuration space under this bridge.
[    0.841414] PCI host bridge to bus 0000:00
[    0.848011] pci_bus 0000:00: root bus resource [io  0x0000-0x0cf7 window]
[    0.856008] pci_bus 0000:00: root bus resource [io  0x0d00-0xffff window]
[    0.868010] pci_bus 0000:00: root bus resource [mem 0x000a0000-0x000bffff window]
[    0.880010] pci_bus 0000:00: root bus resource [mem 0x80000000-0xfdffffff window]
[    0.888010] pci_bus 0000:00: root bus resource [bus 00-ff]
[    0.909097] pci 0000:00:01.1: legacy IDE quirk: reg 0x10: [io  0x01f0-0x01f7]
[    0.924010] pci 0000:00:01.1: legacy IDE quirk: reg 0x14: [io  0x03f6]
[    0.936010] pci 0000:00:01.1: legacy IDE quirk: reg 0x18: [io  0x0170-0x0177]
[    0.948012] pci 0000:00:01.1: legacy IDE quirk: reg 0x1c: [io  0x0376]
[    0.999617] pci 0000:00:07.0: quirk: [io  0x4000-0x403f] claimed by PIIX4 ACPI
[    1.008059] pci 0000:00:07.0: quirk: [io  0x4100-0x410f] claimed by PIIX4 SMB
[    1.034750] ACPI: PCI Interrupt Link [LNKA] (IRQs 5 9 10 *11)
[    1.044789] ACPI: PCI Interrupt Link [LNKB] (IRQs 5 9 *10 11)
[    1.052280] ACPI: PCI Interrupt Link [LNKC] (IRQs 5 *9 10 11)
[    1.060275] ACPI: PCI Interrupt Link [LNKD] (IRQs 5 9 10 *11)
[    1.068922] SCSI subsystem initialized
[    1.076313] pci 0000:00:02.0: vgaarb: setting as boot VGA device
[    1.080000] pci 0000:00:02.0: vgaarb: VGA device added: decodes=io+mem,owns=io+mem,locks=none
[    1.096011] pci 0000:00:02.0: vgaarb: bridge control possible
[    1.104007] vgaarb: loaded
[    1.108136] ACPI: bus type USB registered
[    1.116031] usbcore: registered new interface driver usbfs
[    1.124032] usbcore: registered new interface driver hub
[    1.136124] usbcore: registered new device driver usb
[    1.148470] EDAC MC: Ver: 3.0.0
[    1.156612] PCI: Using ACPI for IRQ routing
[    1.170129] NetLabel: Initializing
[    1.180009] NetLabel:  domain hash size = 128
[    1.192006] NetLabel:  protocols = UNLABELED CIPSOv4 CALIPSO
[    1.200034] NetLabel:  unlabeled traffic allowed by default
[    1.212437] clocksource: Switched to clocksource kvm-clock
[    1.308108] VFS: Disk quotas dquot_6.6.0
[    1.317702] VFS: Dquot-cache hash table entries: 512 (order 0, 4096 bytes)
[    1.333244] AppArmor: AppArmor Filesystem Enabled
[    1.342325] pnp: PnP ACPI init
[    1.350778] pnp: PnP ACPI: found 3 devices
[    1.368951] clocksource: acpi_pm: mask: 0xffffff max_cycles: 0xffffff, max_idle_ns: 2085701024 ns
[    1.385138] NET: Registered protocol family 2
[    1.396188] IP idents hash table entries: 32768 (order: 6, 262144 bytes)
[    1.411187] TCP established hash table entries: 16384 (order: 5, 131072 bytes)
[    1.427864] TCP bind hash table entries: 16384 (order: 6, 262144 bytes)
[    1.444015] TCP: Hash tables configured (established 16384 bind 16384)
[    1.455578] UDP hash table entries: 1024 (order: 3, 32768 bytes)
[    1.465388] UDP-Lite hash table entries: 1024 (order: 3, 32768 bytes)
[    1.475644] NET: Registered protocol family 1
[    1.482681] pci 0000:00:00.0: Limiting direct PCI/PCI transfers
[    1.491944] pci 0000:00:01.0: Activating ISA DMA hang workarounds
[    1.501763] pci 0000:00:02.0: Video device with shadowed ROM at [mem 0x000c0000-0x000dffff]
[    1.515360] Unpacking initramfs...
[    1.909014] Freeing initrd memory: 19528K
[    2.357393] clocksource: tsc: mask: 0xffffffffffffffff max_cycles: 0x36a8d041f91, max_idle_ns: 881590460728 ns
[    2.383605] platform rtc_cmos: registered platform RTC device (no PNP device found)
[    2.400557] Scanning for low memory corruption every 60 seconds
[    2.416952] Initialise system trusted keyrings
[    2.426109] Key type blacklist registered
[    2.435434] workingset: timestamp_bits=36 max_order=19 bucket_order=0
[    2.453322] zbud: loaded
[    2.460660] squashfs: version 4.0 (2009/01/31) Phillip Lougher
[    2.472654] fuse init (API version 7.26)
[    2.510713] Key type asymmetric registered
[    2.518067] Asymmetric key parser 'x509' registered
[    2.526172] Block layer SCSI generic (bsg) driver version 0.4 loaded (major 246)
[    2.538789] io scheduler noop registered
[    2.545370] io scheduler deadline registered
[    2.553129] io scheduler cfq registered (default)
[    2.563523] ACPI: AC Adapter [AC] (on-line)
[    2.573330] input: Power Button as /devices/LNXSYSTM:00/LNXPWRBN:00/input/input0
[    2.589558] ACPI: Power Button [PWRF]
[    2.597324] input: Sleep Button as /devices/LNXSYSTM:00/LNXSLPBN:00/input/input1
[    2.609304] ACPI: Sleep Button [SLPF]
[    2.617532] Serial: 8250/16550 driver, 32 ports, IRQ sharing enabled
[    2.619501] ACPI: Battery Slot [BAT0] (battery present)
[    2.674873] 00:02: ttyS0 at I/O 0x3f8 (irq = 4, base_baud = 115200) is a 16550A
[    2.692154] Linux agpgart interface v0.103
[    2.711491] loop: module loaded
[    2.725530] scsi host0: ata_piix
[    2.735176] scsi host1: ata_piix
[    2.742490] ata1: PATA max UDMA/33 cmd 0x1f0 ctl 0x3f6 bmdma 0xd000 irq 14
[    2.756296] ata2: PATA max UDMA/33 cmd 0x170 ctl 0x376 bmdma 0xd008 irq 15
[    2.771248] tun: Universal TUN/TAP device driver, 1.6
[    2.785325] PPP generic driver version 2.4.2
[    2.794737] ehci_hcd: USB 2.0 'Enhanced' Host Controller (EHCI) Driver
[    2.807777] ehci-pci: EHCI PCI platform driver
[    2.816031] ehci-platform: EHCI generic platform driver
[    2.826130] ohci_hcd: USB 1.1 'Open' Host Controller (OHCI) Driver
[    2.839474] ohci-pci: OHCI PCI platform driver
[    2.847079] ohci-platform: OHCI generic platform driver
[    2.857581] uhci_hcd: USB Universal Host Controller Interface driver
[    2.868881] i8042: PNP: PS/2 Controller [PNP0303:PS2K,PNP0f03:PS2M] at 0x60,0x64 irq 1,12
[    2.890165] serio: i8042 KBD port at 0x60,0x64 irq 1
[    2.901356] serio: i8042 AUX port at 0x60,0x64 irq 12
[    2.911831] mousedev: PS/2 mouse device common for all mice
[    2.924586] input: AT Translated Set 2 keyboard as /devices/platform/i8042/serio0/input/input2
[    2.926714] rtc_cmos rtc_cmos: rtc core: registered rtc_cmos as rtc0
[    2.958467] rtc_cmos rtc_cmos: alarms up to one day, 114 bytes nvram
[    2.969356] i2c /dev entries driver
[    2.976850] device-mapper: uevent: version 1.0.3
[    2.990084] device-mapper: ioctl: 4.37.0-ioctl (2017-09-20) initialised: dm-devel@redhat.com
[    3.035860] ledtrig-cpu: registered to indicate activity on CPUs
[    3.051725] NET: Registered protocol family 10
[    3.079805] Segment Routing with IPv6
[    3.089227] NET: Registered protocol family 17
[    3.101604] Key type dns_resolver registered
[    3.111324] mce: Using 0 MCE banks
[    3.121039] RAS: Correctable Errors collector initialized.
[    3.132450] sched_clock: Marking stable (3132222746, 0)->(4728258763, -1596036017)
[    3.156499] registered taskstats version 1
[    3.165890] Loading compiled-in X.509 certificates
[    3.185957] Loaded X.509 cert 'Build time autogenerated kernel key: b5b26778eaa3ab3a4a6cee031137706e947d12ad'
[    3.203857] Loaded X.509 cert 'Canonical Ltd. Live Patch Signing: 14df34d1a87cf37625abec039ef2bf521249b969'
[    3.223565] Loaded X.509 cert 'Canonical Ltd. Kernel Module Signing: 88f752e560a1e0737e31163a466ad7b70a850c19'
[    3.248926] blacklist: Loading compiled-in revocation X.509 certificates
[    3.262080] Loaded X.509 cert 'Canonical Ltd. Secure Boot Signing: 61482aa2830d0ab2ad5af10b7250da9033ddcef0'
[    3.281148] Loaded X.509 cert 'Canonical Ltd. Secure Boot Signing (2017): 242ade75ac4a15e50d50c84b0d45ff3eae707a03'
[    3.302012] Loaded X.509 cert 'Canonical Ltd. Secure Boot Signing (ESM 2018): 365188c1d374d6b07c3c8f240f8ef722433d6a8b'
[    3.323629] Loaded X.509 cert 'Canonical Ltd. Secure Boot Signing (2019): c0746fd6c5da3ae827864651ad66ae47fe24b3e8'
[    3.341835] Loaded X.509 cert 'Canonical Ltd. Secure Boot Signing (2021 v1): a8d54bbb3825cfb94fa13c9f8a594a195c107b8d'
[    3.362073] Loaded X.509 cert 'Canonical Ltd. Secure Boot Signing (2021 v2): 4cf046892d6fd3c9a5b03f98d845f90851dc6a8c'
[    3.383790] Loaded X.509 cert 'Canonical Ltd. Secure Boot Signing (2021 v3): 100437bb6de6e469b581e61cd66bce3ef4ed53af'
[    3.403829] Loaded X.509 cert 'Canonical Ltd. Secure Boot Signing (Ubuntu Core 2019): c1d57b8f6b743f23ee41f4f7ee292f06eecadfb9'
[    3.423370] zswap: loaded using pool lzo/zbud
[    3.449064] Key type big_key registered
[    3.455720] Key type trusted registered
[    3.469512] Key type encrypted registered
[    3.476523] AppArmor: AppArmor sha1 policy hashing enabled
[    3.484950] ima: No TPM chip found, activating TPM-bypass! (rc=-19)
[    3.495055] ima: Allocated hash algorithm: sha1
[    3.502663] evm: HMAC attrs: 0x1
[    3.509992]   Magic number: 11:938:502
[    3.517262] rtc_cmos rtc_cmos: setting system clock to 2023-10-22 22:27:39 UTC (1698013659)
[    3.531272] BIOS EDD facility v0.16 2004-Jun-25, 0 devices found
[    3.539715] EDD information not available.
[    3.551854] Freeing unused kernel image memory: 2480K
[    3.576842] Write protecting the kernel read-only data: 20480k
[    3.588404] Freeing unused kernel image memory: 2008K
[    3.596898] Freeing unused kernel image memory: 1820K
[    3.613291] x86/mm: Checked W+X mappings: passed, no W+X pages found.
[    3.624656] x86/mm: Checking user space page tables
[    3.640723] x86/mm: Checked W+X mappings: passed, no W+X pages found.
Loading, please wait...
starting version 237
[    3.889004] Fusion MPT base driver 3.04.20
[    3.898067] Copyright (c) 1999-2008 LSI Corporation
[    3.905212] e1000: Intel(R) PRO/1000 Network Driver - version 7.3.21-k8-NAPI
[    3.969447] e1000: Copyright (c) 1999-2006 Intel Corporation.
[    4.037251] Fusion MPT SPI Host driver 3.04.20
[    4.289071] input: ImExPS/2 Generic Explorer Mouse as /devices/platform/i8042/serio1/input/input4
[    5.244441] e1000 0000:00:03.0 eth0: (PCI:33MHz:32-bit) 02:3b:7b:b7:3b:2d
[    5.269199] e1000 0000:00:03.0 eth0: Intel(R) PRO/1000 Network Connection
[    6.210961] e1000 0000:00:08.0 eth1: (PCI:33MHz:32-bit) 08:00:27:fa:77:92
[    6.218430] e1000 0000:00:08.0 eth1: Intel(R) PRO/1000 Network Connection
[    6.241244] e1000 0000:00:08.0 enp0s8: renamed from eth1
[    6.254022] mptbase: ioc0: Initiating bringup
[    6.269080] e1000 0000:00:03.0 enp0s3: renamed from eth0
[    6.371591] ioc0: LSI53C1030 A0: Capabilities={Initiator}
[    6.640345] scsi host2: ioc0: LSI53C1030 A0, FwRev=00000000h, Ports=1, MaxQ=256, IRQ=20
[    6.822297] scsi 2:0:0:0: Direct-Access     VBOX     HARDDISK         1.0  PQ: 0 ANSI: 5
[    6.871304] scsi target2:0:0: Beginning Domain Validation
[    6.888794] scsi target2:0:0: Domain Validation skipping write tests
[    6.897930] scsi target2:0:0: Ending Domain Validation
[    6.906454] scsi target2:0:0: asynchronous
[    6.916732] scsi 2:0:1:0: Direct-Access     VBOX     HARDDISK         1.0  PQ: 0 ANSI: 5
[    7.754501] scsi target2:0:1: Beginning Domain Validation
[    7.772603] scsi target2:0:1: Domain Validation skipping write tests
[    7.781414] scsi target2:0:1: Ending Domain Validation
[    7.789763] scsi target2:0:1: asynchronous
[    7.817473] sd 2:0:0:0: Attached scsi generic sg0 type 0
[    7.822068] sd 2:0:0:0: [sda] 83886080 512-byte logical blocks: (42.9 GB/40.0 GiB)
[    7.844880] sd 2:0:0:0: [sda] Write Protect is off
[    7.846178] sd 2:0:1:0: Attached scsi generic sg1 type 0
[    7.868696] sd 2:0:1:0: [sdb] 20480 512-byte logical blocks: (10.5 MB/10.0 MiB)
[    7.885246] sd 2:0:0:0: [sda] Incomplete mode parameter data
[    7.897074] sd 2:0:0:0: [sda] Assuming drive cache: write through
[    7.897156] sd 2:0:1:0: [sdb] Write Protect is off
[    7.916970] sd 2:0:1:0: [sdb] Incomplete mode parameter data
[    7.927847] sd 2:0:1:0: [sdb] Assuming drive cache: write through
[    7.945676]  sda: sda1
[    7.956032] sd 2:0:0:0: [sda] Attached SCSI disk
[    7.956368] sd 2:0:1:0: [sdb] Attached SCSI disk
Begin: Loading essential drivers ... [   11.350745] raid6: sse2x1   gen() 123818 MB/s
[   13.352345] raid6: sse2x1   xor() 163015 MB/s
[   14.352379] raid6: sse2x2   gen() 184426 MB/s
[   16.351608] raid6: sse2x2   xor() 154087 MB/s
[   16.419680] raid6: sse2x4   gen() 10516 MB/s
[   16.483374] raid6: sse2x4   xor()  7483 MB/s
[   16.491439] raid6: using algorithm sse2x2 gen() 184426 MB/s
[   16.501194] raid6: .... xor() 154087 MB/s, rmw enabled
[   16.511238] raid6: using ssse3x2 recovery algorithm
[   16.522284] xor: measuring software checksum speed
[   16.568318]    prefetch64-sse: 12099.000 MB/sec
[   16.612867]    generic_sse: 14864.000 MB/sec
[   16.619383] xor: using function: generic_sse (14864.000 MB/sec)
[   16.632057] async_tx: api initialized (async)
done.
Begin: Running /scripts/init-premount ... done.
Begin: Mounting root file system ... Begin: Running /scripts/local-top ... done.
Begin: Running /scripts/local-premount ... [   16.741526] Btrfs loaded, crc32c=crc32c-intel
Scanning for Btrfs filesystems
done.
Warning: fsck not present, so skipping root file system
[   16.829504] EXT4-fs (sda1): mounted filesystem with ordered data mode. Opts: (null)
done.
Begin: Running /scripts/local-bottom ... done.
Begin: Running /scripts/init-bottom ... done.
[   17.204873] ip_tables: (C) 2000-2006 Netfilter Core Team
[   17.246511] systemd[1]: systemd 237 running in system mode. (+PAM +AUDIT +SELINUX +IMA +APPARMOR +SMACK +SYSVINIT +UTMP +LIBCRYPTSETUP +GCRYPT +GNUTLS +ACL +XZ +LZ4 +SECCOMP +BLKID +ELFUTILS +KMOD -IDN2 +IDN -PCRE2 default-hierarchy=hybrid)
[   17.277378] systemd[1]: Detected virtualization oracle.
[   17.285141] systemd[1]: Detected architecture x86-64.

Welcome to [1mUbuntu 18.04.6 LTS[0m!

[   17.347318] systemd[1]: Set hostname to <ubuntu>.
[   17.366420] random: systemd: uninitialized urandom read (16 bytes read)
[   17.377584] systemd[1]: Initializing machine ID from random generator.
[   17.389466] systemd[1]: Installed transient /etc/machine-id file.
[   18.074459] random: systemd: uninitialized urandom read (16 bytes read)
[   18.087056] systemd[1]: Reached target Swap.
[[0;32m  OK  [0m] Reached target Swap.
[   18.101637] random: systemd: uninitialized urandom read (16 bytes read)
[   18.133973] systemd[1]: Created slice System Slice.
[[0;32m  OK  [0m] Created slice System Slice.
[   18.153216] systemd[1]: Listening on Journal Audit Socket.
[[0;32m  OK  [0m] Listening on Journal Audit Socket.
[   18.169714] systemd[1]: Listening on fsck to fsckd communication Socket.
[[0;32m  OK  [0m] Listening on fsck to fsckd communication Socket.
[[0;32m  OK  [0m] Listening on Syslog Socket.
[[0;32m  OK  [0m] Listening on Network Service Netlink Socket.
[[0;32m  OK  [0m] Listening on Journal Socket (/dev/log).
[[0;32m  OK  [0m] Created slice User and Session Slice.
[[0;32m  OK  [0m] Reached target Slices.
[[0;32m  OK  [0m] Listening on LVM2 poll daemon socket.
[[0;32m  OK  [0m] Created slice system-serial\x2dgetty.slice.
[[0;32m  OK  [0m] Listening on udev Control Socket.
[[0;32m  OK  [0m] Started Forward Password Requests to Wall Directory Watch.
[[0;32m  OK  [0m] Listening on udev Kernel Socket.
[[0;32m  OK  [0m] Listening on Journal Socket.
         Mounting Huge Pages File System...
         Mounting POSIX Message Queue File System...
         Mounting Kernel Debug File System...
         Starting Journal Service...
         Starting File System Check on Root Device...
         Starting Set the console keyboard layout...
[   18.362926] random: systemd: uninitialized urandom read (16 bytes read)
         Starting udev Coldplug all Devices...
[   18.421400] random: systemd-journal: uninitialized urandom read (16 bytes read)
[   18.453507] random: systemd-journal: uninitialized urandom read (16 bytes read)
         Starting Load Kernel Modules...
[[0;32m  OK  [0m] Listening on LVM2 metadata daemon socket.
[[0;32m  OK  [0m] Reached target Mounting snaps.
[[0;32m  OK  [0m] Reached target Mounted snaps.
[[0;32m  OK  [0m] Listening on Device-mapper event daemon FIFOs.
         Starting Monitoring of LVM2 mirrors…ng dmeventd or progress polling...
[[0;32m  OK  [0m] Listening on /dev/initctl Compatibility Named Pipe.
[[0;32m  OK  [0m] Reached target User and Group Name Lookups.
[[0;32m  OK  [0m] Reached target System Time Synchronized.
[[0;32m  OK  [0m] Set up automount Arbitrary Executab…rmats File System Automount Point.
         Starting Uncomplicated firewall...
         Starting Create list of required st…ce nodes for the current kernel...
[[0;32m  OK  [0m] Started Journal Service.
[[0;32m  OK  [0m] Mounted Huge Pages File System.
[[0;32m  OK  [0m] Mounted POSIX Message Queue File System.
[[0;32m  OK  [0m] Mounted Kernel Debug File System.
[[0;32m  OK  [0m] Started File System Check on Root Device.
[   18.735547] Loading iSCSI transport class v2.0-870.
[[0;32m  OK  [0m] Started File System Check Daemon to report status.
         Starting Remount Root and Kernel File Systems...
[[0;32m  OK  [0m] Started Uncomplicated firewall.
[[0;32m  OK  [0m] Started Create list of required sta…vice nodes for the current kernel.
         Starting Create Static Device Nodes in /dev...
[[0;32m  OK  [0m] Started udev Coldplug all Devices.
[   18.834241] iscsi: registered transport (tcp)
[   18.850940] EXT4-fs (sda1): re-mounted. Opts: (null)
[[0;32m  OK  [0m] Started Remount Root and Kernel File Systems.
[   19.057129] iscsi: registered transport (iser)
         Starting Flush Journal to Persistent Storage...
         Starting Load/Save Random Seed...
[[0;32m  OK  [0m] Started Load Kernel Modules.
[[0;32m  OK  [0m] Started Create Static Device Nodes in /dev.
[[0;32m  OK  [0m] Started LVM2 metadata daemon.
         Starting udev Kernel Device Manager...
         Mounting Kernel Configuration File System...
         Mounting FUSE Control File System...
         Starting Apply Kernel Variables...
[   19.144355] systemd-journald[380]: Received request to flush runtime journal from PID 1
[[0;32m  OK  [0m] Mounted Kernel Configuration File System.
[[0;32m  OK  [0m] Mounted FUSE Control File System.
[[0;32m  OK  [0m] Started Monitoring of LVM2 mirrors,…sing dmeventd or progress polling.
[[0;32m  OK  [0m] Started Load/Save Random Seed.
[[0;32m  OK  [0m] Started Apply Kernel Variables.
[[0;32m  OK  [0m] Started udev Kernel Device Manager.
[[0;32m  OK  [0m] Started Flush Journal to Persistent Storage.
[[0;32m  OK  [0m] Found device /dev/ttyS0.
[[0;32m  OK  [0m] Listening on Load/Save RF Kill Switch Status /dev/rfkill Watch.
[[0;32m  OK  [0m] Started Set the console keyboard layout.
[[0;32m  OK  [0m] Started Dispatch Password Requests to Console Directory Watch.
[[0;32m  OK  [0m] Reached target Local Encrypted Volumes.
[[0;32m  OK  [0m] Reached target Local File Systems (Pre).
[[0;32m  OK  [0m] Reached target Local File Systems.
         Starting Set console font and keymap...
         Starting AppArmor initialization...
         Starting Tell Plymouth To Write Out Runtime Data...
         Starting Commit a transient machine-id on disk...
         Starting ebtables ruleset management...
         Starting Create Volatile Files and Directories...
         Mounting Arbitrary Executable File Formats File System...
[[0;32m  OK  [0m] Started Tell Plymouth To Write Out Runtime Data.
[[0;32m  OK  [0m] Started Create Volatile Files and Directories.
         Starting Update UTMP about System Boot/Shutdown...
[[0;32m  OK  [0m] Mounted Arbitrary Executable File Formats File System.
[[0;32m  OK  [0m] Started Update UTMP about System Boot/Shutdown.
[[0;32m  OK  [0m] Started Commit a transient machine-id on disk.
[[0;32m  OK  [0m] Started ebtables ruleset management.
[[0;32m  OK  [0m] Started AppArmor initialization.
         Starting Initial cloud-init job (pre-networking)...
         Starting Load AppArmor profiles managed internally by snapd...
[[0;32m  OK  [0m] Started Load AppArmor profiles managed internally by snapd.
[[0;32m  OK  [0m] Started Set console font and keymap.
[   27.533456] cloud-init[738]: Cloud-init v. 23.1.2-0ubuntu0~18.04.1 running 'init-local' at Sun, 22 Oct 2023 22:28:02 +0000. Up 26.94 seconds.
[[0;32m  OK  [0m] Started Initial cloud-init job (pre-networking).
[[0;32m  OK  [0m] Reached target Network (Pre).
         Starting Network Service...
[[0;32m  OK  [0m] Started Network Service.
         Starting Wait for Network to be Configured...
         Starting Network Name Resolution...
[[0;32m  OK  [0m] Started Network Name Resolution.
[[0;32m  OK  [0m] Reached target Network.
[[0;32m  OK  [0m] Reached target Host and Network Name Lookups.
[[0;32m  OK  [0m] Started Wait for Network to be Configured.
         Starting Initial cloud-init job (metadata service crawler)...
[   30.368973] cloud-init[903]: Cloud-init v. 23.1.2-0ubuntu0~18.04.1 running 'init' at Sun, 22 Oct 2023 22:28:05 +0000. Up 30.01 seconds.
[   30.380655] cloud-init[903]: ci-info: ++++++++++++++++++++++++++++++++++++++Net device info+++++++++++++++++++++++++++++++++++++++
[   30.389556] cloud-init[903]: ci-info: +--------+-------+----------------------------+---------------+--------+-------------------+
[   30.398617] cloud-init[903]: ci-info: | Device |   Up  |          Address           |      Mask     | Scope  |     Hw-Address    |
[   30.407069] cloud-init[903]: ci-info: +--------+-------+----------------------------+---------------+--------+-------------------+
[   30.416565] cloud-init[903]: ci-info: | enp0s3 |  True |         10.0.2.15          | 255.255.255.0 | global | 02:3b:7b:b7:3b:2d |
[   30.425433] cloud-init[903]: ci-info: | enp0s3 |  True | fe80::3b:7bff:feb7:3b2d/64 |       .       |  link  | 02:3b:7b:b7:3b:2d |
[   30.434014] cloud-init[903]: ci-info: | enp0s8 | False |             .              |       .       |   .    | 08:00:27:fa:77:92 |
[   30.441096] cloud-init[903]: ci-info: |   lo   |  True |         127.0.0.1          |   255.0.0.0   |  host  |         .         |
[   30.450449] cloud-init[903]: ci-info: |   lo   |  True |          ::1/128           |       .       |  host  |         .         |
[   30.459332] cloud-init[903]: ci-info: +--------+-------+----------------------------+---------------+--------+-------------------+
[   30.467804] cloud-init[903]: ci-info: ++++++++++++++++++++++++++++Route IPv4 info+++++++++++++++++++++++++++++
[   30.473978] cloud-init[903]: ci-info: +-------+-------------+----------+-----------------+-----------+-------+
[   30.479701] cloud-init[903]: ci-info: | Route | Destination | Gateway  |     Genmask     | Interface | Flags |
[   30.485682] cloud-init[903]: ci-info: +-------+-------------+----------+-----------------+-----------+-------+
[   30.491821] cloud-init[903]: ci-info: |   0   |   0.0.0.0   | 10.0.2.2 |     0.0.0.0     |   enp0s3  |   UG  |
[   30.498064] cloud-init[903]: ci-info: |   1   |   10.0.2.0  | 0.0.0.0  |  255.255.255.0  |   enp0s3  |   U   |
[   30.503843] cloud-init[903]: ci-info: |   2   |   10.0.2.2  | 0.0.0.0  | 255.255.255.255 |   enp0s3  |   UH  |
[   30.510484] cloud-init[903]: ci-info: +-------+-------------+----------+-----------------+-----------+-------+
[   30.516611] cloud-init[903]: ci-info: +++++++++++++++++++Route IPv6 info+++++++++++++++++++
[   30.521519] cloud-init[903]: ci-info: +-------+-------------+---------+-----------+-------+
[   30.526317] cloud-init[903]: ci-info: | Route | Destination | Gateway | Interface | Flags |
[   30.531627] cloud-init[903]: ci-info: +-------+-------------+---------+-----------+-------+
[   30.536684] cloud-init[903]: ci-info: |   1   |  fe80::/64  |    ::   |   enp0s3  |   U   |
[   30.541267] cloud-init[903]: ci-info: |   3   |    local    |    ::   |   enp0s3  |   U   |
[   30.546006] cloud-init[903]: ci-info: |   4   |   ff00::/8  |    ::   |   enp0s3  |   U   |
[   30.551284] cloud-init[903]: ci-info: +-------+-------------+---------+-----------+-------+
[   32.794404] cloud-init[903]: Generating public/private rsa key pair.
[   32.799778] cloud-init[903]: Your identification has been saved in /etc/ssh/ssh_host_rsa_key.
[   32.806214] cloud-init[903]: Your public key has been saved in /etc/ssh/ssh_host_rsa_key.pub.
[   32.813319] cloud-init[903]: The key fingerprint is:
[   32.817571] cloud-init[903]: SHA256:hTCJMG+B3BNlzJxMWVpE9jk2DdR1MnCxD9wyYrrlqWM root@ubuntu-bionic
[   32.825262] cloud-init[903]: The key's randomart image is:
[   32.829449] cloud-init[903]: +---[RSA 2048]----+
[   32.833081] cloud-init[903]: | .o+oX*B*.o..o*..|
[   32.836940] cloud-init[903]: |  oo+oO* o +.o * |
[   32.842313] cloud-init[903]: |    o.. . B + * .|
[   32.846155] cloud-init[903]: |   .     o = . = |
[   32.850180] cloud-init[903]: |        S . .   .|
[   32.863604] cloud-init[903]: |           + .   |
[   32.874495] cloud-init[903]: |          . o    |
[   32.887562] cloud-init[903]: |          E.     |
[   32.898145] cloud-init[903]: |         ...     |
[   32.909059] cloud-init[903]: +----[SHA256]-----+
[   32.922006] cloud-init[903]: Generating public/private dsa key pair.
[   32.934394] cloud-init[903]: Your identification has been saved in /etc/ssh/ssh_host_dsa_key.
[   32.951273] cloud-init[903]: Your public key has been saved in /etc/ssh/ssh_host_dsa_key.pub.
[   32.966917] cloud-init[903]: The key fingerprint is:
[   32.977569] cloud-init[903]: SHA256:0WKNB101k5jL78GXo/ppUz9uXt3Hevk0QQ/8jMx/Z/M root@ubuntu-bionic
[[0;32m  OK  [0m] Started Initial cloud-init job (metadata service crawler).
[[0;32m  OK  [0m] Reached target Cloud-config availability.
[[0;32m  OK  [0m] Reached target System Initialization.
[[0;32m  OK  [0m] Started Message of the Day.
         Starting Socket activation for snappy daemon.
[[0;32m  OK  [0m] Listening on ACPID Listen Socket.
[[0;32m  OK  [0m] Started Discard unused blocks once a week.
         Starting LXD - unix socket.
[[0;32m  OK  [0m] Started Ubuntu Advantage Timer for running repeated jobs.
[[0;32m  OK  [0m] Started Daily Cleanup of Temporary Directories.
[[0;32m  OK  [0m] Started ACPI Events Check.
[[0;32m  OK  [0m] Reached target Paths.
[[0;32m  OK  [0m] Listening on cloud-init hotplug hook socket.
[[0;32m  OK  [0m] Listening on D-Bus System Message Bus Socket.
[[0;32m  OK  [0m] Listening on UUID daemon activation socket.
[[0;32m  OK  [0m] Listening on Open-iSCSI iscsid Socket.
[[0;32m  OK  [0m] Started Daily apt download activities.
[[0;32m  OK  [0m] Started Daily apt upgrade and clean activities.
[[0;32m  OK  [0m] Reached target Timers.
[[0;32m  OK  [0m] Reached target Network is Online.
[[0;32m  OK  [0m] Reached target Remote File Systems (Pre).
[[0;32m  OK  [0m] Reached target Remote File Systems.
         Starting Availability of block devices...
[[0;32m  OK  [0m] Listening on Socket activation for snappy daemon.
[[0;32m  OK  [0m] Listening on LXD - unix socket.
[[0;32m  OK  [0m] Reached target Sockets.
[[0;32m  OK  [0m] Reached target Basic System.
         Starting Accounts Service...
         Starting Pollinate to seed the pseudo random number generator...
[[0;32m  OK  [0m] Started D-Bus System Message Bus.
[   33.127693] cloud-init[903]: The key's randomart image is:
[   33.159215] cloud-init[903]: +---[DSA 1024]----+
[   33.174847] cloud-init[903]: |        .. ..++. |
[   33.187642] cloud-init[903]: |         =. o..o |
[   33.211665] cloud-init[903]: |        = +. .o. |
[   33.223355] cloud-init[903]: |       . +  oo.=.|
[   33.242087] cloud-init[903]: |        S    o+.=|
[   33.264381] [[0;32m  OK  [0m] Started FUSE filesystem for LXC.
         Starting Virtualbox guest utils...
         Starting LXD - container startup/shutdown...
cloud-init         Starting Permit User Sessions...
[[0;32m  OK  [0m] Started Deferred execution scheduler.
         Starting Login Service...
         Starting LSB: automatic crash report generation...
[903]: |              +*=|
[   33.349073] cloud-init[903]: |             .o=/|
[   33.395893] cloud-init[903]: |             +oB@|[[0;32m  OK  [0m] Started Regular background program processing daemon.
         Starting System Logging Service...

[   33.451121] cloud-init[903]: |           .+o*+E|
[[0;32m  OK  [0m] Started irqbalance daemon.
[[0;32m  OK  [0m] Reached target Login Prompts (Pre).
         Starting Dispatcher daemon for systemd-networkd...
         Starting LSB: Record successful boot for GRUB...
[   33.522935] cloud-init[903]: +----[SHA256]-----+
[   33.539115] cloud-init[903]: Generating public/private ecdsa key pair.
[   33.555961] cloud-init[903]: Your identification has been saved in /etc/ssh/ssh_host_ecdsa_key.
[   33.572612] cloud-init[903]: Your public key has been saved in /etc/ssh/ssh_host_ecdsa_key.pub.
[   33.606009] cloud-init[903]: The key fingerprint is:
[   33.658642] cloud-init[903]: SHA256:wx95B+hi2mC16e4aCAYhEufk1RXiCRQWEK4XnRuQsTE root@ubuntu-bionic
[   33.677804] cloud-init[903]: The key's randomart image is:         Starting Snap Daemon...

[[0;32m  OK  [0m] Started Availability of block devices.
[[0;32m  OK  [0m] Started Permit User Sessions.
[   33.747660] cloud-init[903]: +---[ECDSA 256]---+
[   33.795516] cloud-init[903]: |=.E*B+..o.       |
[   33.818042] cloud-init[903]: |oB.O +.o   .     |
[   33.852248] cloud-init[903]: |. * + o . . .    |
[   33.882952] cloud-init[903]: | o . o o + . .   |
[   33.913718] cloud-init[903]: |. + . o S + . .  |
[   33.943786] cloud-init[903]: | o . o * + o .   |
[   33.959520] cloud-init[903]: |    . o o .      |
[   33.983121] [[0;32m  OK  [0m] Started Login Service.
cloud-init[[0;32m  OK  [0m] Started Unattended Upgrades Shutdown.
[903]:          Starting Authorization Manager...
         Starting Hold until boot process finishes up...
         Starting Terminate Plymouth Boot Screen...
|       o         |[[0;32m  OK  [0m] Started Hold until boot process finishes up.
         Starting Set console scheme...
[[0;32m  OK  [0m] Started Serial Getty on ttyS0.

[   34.049751] [[0;32m  OK  [0m] Started Terminate Plymouth Boot Screen.
cloud-init[903]: |      .oo        |[[0;32m  OK  [0m] Started System Logging Service.

[   34.113186] cloud-init[903]: +----[SHA256]-----+
[   34.144983] cloud-init[903]: Generating public/private ed25519 key pair.
[   34.183314] cloud-init[903]: Your identification has been saved in /etc/ssh/ssh_host_ed25519_key.
[   34.207936] cloud-init[903]: Your public key has been saved in /etc/ssh/ssh_host_ed25519_key.pub.
[   34.219734] cloud-init[903]: The key fingerprint is:
[[0;32m  OK  [0m] Started Set console scheme.
[[0;32m  OK  [0m] Created slice system-getty.slice.
[[0;32m  OK  [0m] Started Getty on tty1.
[[0;32m  OK  [0m] Reached target Login Prompts.
[   34.230315] cloud-init[903]: SHA256:ylt039PJxg3NXRYGqrbdVevpMwrL8mB2cKW86zSyJR4 root@ubuntu-bionic
[   34.247524] cloud-init[903]: The key's randomart image is:
[   34.252033] cloud-init[903]: +--[ED25519 256]--+
[   34.256118] cloud-init[903]: |             ..o |
[   34.263233] cloud-init[903]: |            . . .|
[   34.269182] cloud-init[903]: |           . .  +|
[   34.272815] cloud-init[903]: |          o o  +=|
[   34.276879] cloud-init[903]: |        S+.+  .o+|
[   34.280564] cloud-init[903]: |     . o..=.o.=o+|
[   34.283652] cloud-init[903]: |      o .E O..oBo|
[   34.287383] cloud-init[903]: |       o+.@ = o+ |
[   34.292016] cloud-init[903]: |      .  o+* ...o|
[   34.300671] cloud-init[903]: +----[SHA256]-----+
[[0;32m  OK  [0m] Started LSB: automatic crash report generation.
[[0;32m  OK  [0m] Started Authorization Manager.
[[0;32m  OK  [0m] Started Accounts Service.
[[0;32m  OK  [0m] Started LSB: Record successful boot for GRUB.
[[0;32m  OK  [0m] Started Virtualbox guest utils.
[[0;32m  OK  [0m] Started LXD - container startup/shutdown.
[[0;32m  OK  [0m] Started Dispatcher daemon for systemd-networkd.
[[0;32m  OK  [0m] Started Snap Daemon.
         Starting Wait until snapd is fully seeded...
[[0;32m  OK  [0m] Started Pollinate to seed the pseudo random number generator.
         Starting OpenBSD Secure Shell server...
[[0;32m  OK  [0m] Started OpenBSD Secure Shell server.
[[0;32m  OK  [0m] Created slice User Slice of vagrant.
         Starting User Manager for UID 1000...
[[0;32m  OK  [0m] Started Session 1 of user vagrant.
[[0;32m  OK  [0m] Started User Manager for UID 1000.

Ubuntu 18.04.6 LTS ubuntu-bionic ttyS0

ubuntu-bionic login: [   43.613369] cloud-init[1336]: Cloud-init v. 23.1.2-0ubuntu0~18.04.1 running 'modules:config' at Sun, 22 Oct 2023 22:28:17 +0000. Up 42.00 seconds.
ci-info: no authorized SSH keys fingerprints found for user ubuntu.
<14>Oct 22 22:28:22 cloud-init: #############################################################
<14>Oct 22 22:28:22 cloud-init: -----BEGIN SSH HOST KEY FINGERPRINTS-----
<14>Oct 22 22:28:22 cloud-init: 1024 SHA256:0WKNB101k5jL78GXo/ppUz9uXt3Hevk0QQ/8jMx/Z/M root@ubuntu-bionic (DSA)
<14>Oct 22 22:28:22 cloud-init: 256 SHA256:wx95B+hi2mC16e4aCAYhEufk1RXiCRQWEK4XnRuQsTE root@ubuntu-bionic (ECDSA)
<14>Oct 22 22:28:22 cloud-init: 256 SHA256:ylt039PJxg3NXRYGqrbdVevpMwrL8mB2cKW86zSyJR4 root@ubuntu-bionic (ED25519)
<14>Oct 22 22:28:22 cloud-init: 2048 SHA256:hTCJMG+B3BNlzJxMWVpE9jk2DdR1MnCxD9wyYrrlqWM root@ubuntu-bionic (RSA)
<14>Oct 22 22:28:22 cloud-init: -----END SSH HOST KEY FINGERPRINTS-----
<14>Oct 22 22:28:22 cloud-init: #############################################################
-----BEGIN SSH HOST KEY KEYS-----
ecdsa-sha2-nistp256 AAAAE2VjZHNhLXNoYTItbmlzdHAyNTYAAAAIbmlzdHAyNTYAAABBBF4reJUY46joz0owe2iE3dxrT99+dp4PV0AUIaY5virykSHYD6AxE12siHfvQQBC8MGLrJBDI5g4ztg2/mnds+o= root@ubuntu-bionic
ssh-ed25519 AAAAC3NzaC1lZDI1NTE5AAAAIBMLyNTR+JZFfZh4bvyMwaE430G4YtPigjDh43A6VZDk root@ubuntu-bionic
ssh-rsa AAAAB3NzaC1yc2EAAAADAQABAAABAQC0jtX0IJSYqGUxUTa7PZ3dHEIuOFU5pQY5sjiISdvLM6dvZB0y3T1Fdd3CPqXfsReIZHQ25VgwD4HDlxpN32peXG/U6qJ2xfxf5qMT7wXLg5iyKbpiffkZF2nlkEjJ3FPBxKJ2NK1oaV+DdRSf1KjXfBOCHN8jUiU4s+jzJUb+R3QmTxfIVwAOohL146RL7MwPqqcVkwHaGDUaGIPaDEvIBQZo8JdHGVm2yBwV2IJrLiObinW1Frt4HATwNwROFrsrFHAVDzo/gAMesQVofzWxGt7KlE1I2leKNKSg/lXCsHASIbiU5wq+fZ7/CnBnx4ESA5JvNc1I3+2AO4utOw5r root@ubuntu-bionic
-----END SSH HOST KEY KEYS-----
[   46.589358] cloud-init[1449]: Cloud-init v. 23.1.2-0ubuntu0~18.04.1 running 'modules:final' at Sun, 22 Oct 2023 22:28:21 +0000. Up 45.95 seconds.
[   46.590206] cloud-init[1449]: Cloud-init v. 23.1.2-0ubuntu0~18.04.1 finished at Sun, 22 Oct 2023 22:28:22 +0000. Datasource DataSourceNoCloud [seed=/dev/sdb][dsmode=net].  Up 46.57 seconds
